<?xml version="1.0" encoding="UTF-8"?>
<testsuite xmlns:xsi="http://www.w3.org/2001/XMLSchema-instance" xsi:noNamespaceSchemaLocation="https://maven.apache.org/surefire/maven-failsafe-plugin/xsd/failsafe-test-report.xsd" version="3.0.2" name="com.sontaypham.todolist.integration.service.UserServiceIT" time="18.819" tests="22" errors="0" skipped="0" failures="0">
  <properties>
[...]
</properties>
  <testcase name="deleteUser_success" classname="com.sontaypham.todolist.integration.service.UserServiceIT" time="0.127">
    <system-out><![CDATA[21:04:11.208 [main] INFO org.springframework.test.context.support.AnnotationConfigContextLoaderUtils -- Could not detect default configuration classes for test class [com.sontaypham.todolist.integration.service.UserServiceIT]: UserServiceIT does not declare any static, non-private, non-final, nested classes annotated with @Configuration.
21:04:12.031 [main] INFO org.springframework.boot.test.context.SpringBootTestContextBootstrapper -- Found @SpringBootConfiguration com.sontaypham.todolist.TodolistApplication for test class com.sontaypham.todolist.integration.service.UserServiceIT
21:04:13.052 [main] INFO org.springframework.boot.devtools.restart.RestartApplicationListener -- Restart disabled due to context in which it is running

  .   ____          _            __ _ _
 /\\ / ___'_ __ _ _(_)_ __  __ _ \ \ \ \
( ( )\___ | '_ | '_| | '_ \/ _` | \ \ \ \
 \\/  ___)| |_)| | | | | || (_| |  ) ) ) )
  '  |____| .__|_| |_|_| |_\__, | / / / /
 =========|_|==============|___/=/_/_/_/

 :: Spring Boot ::                (v3.5.3)

2025-07-26T21:04:13.895+07:00  INFO 39163 --- [todolist] [           main] c.s.t.integration.service.UserServiceIT  : Starting UserServiceIT using Java 21.0.7 with PID 39163 (started by sontaypham in /home/sontaypham/WorkSpace/SpringBoot/todolist)
2025-07-26T21:04:13.899+07:00  INFO 39163 --- [todolist] [           main] c.s.t.integration.service.UserServiceIT  : The following 1 profile is active: "test"
2025-07-26T21:04:15.471+07:00  INFO 39163 --- [todolist] [           main] .s.d.r.c.RepositoryConfigurationDelegate : Bootstrapping Spring Data JPA repositories in DEFAULT mode.
2025-07-26T21:04:15.562+07:00  INFO 39163 --- [todolist] [           main] .s.d.r.c.RepositoryConfigurationDelegate : Finished Spring Data repository scanning in 75 ms. Found 5 JPA repository interfaces.
2025-07-26T21:04:19.421+07:00  INFO 39163 --- [todolist] [           main] o.hibernate.jpa.internal.util.LogHelper  : HHH000204: Processing PersistenceUnitInfo [name: default]
2025-07-26T21:04:19.574+07:00  INFO 39163 --- [todolist] [           main] org.hibernate.Version                    : HHH000412: Hibernate ORM core version 6.6.18.Final
2025-07-26T21:04:19.657+07:00  INFO 39163 --- [todolist] [           main] o.h.c.internal.RegionFactoryInitiator    : HHH000026: Second-level cache disabled
2025-07-26T21:04:20.115+07:00  INFO 39163 --- [todolist] [           main] o.s.o.j.p.SpringPersistenceUnitInfo      : No LoadTimeWeaver setup: ignoring JPA class transformer
2025-07-26T21:04:20.210+07:00  INFO 39163 --- [todolist] [           main] com.zaxxer.hikari.HikariDataSource       : HikariPool-1 - Starting...
2025-07-26T21:04:20.655+07:00  INFO 39163 --- [todolist] [           main] com.zaxxer.hikari.pool.HikariPool        : HikariPool-1 - Added connection org.postgresql.jdbc.PgConnection@75b18097
2025-07-26T21:04:20.660+07:00  INFO 39163 --- [todolist] [           main] com.zaxxer.hikari.HikariDataSource       : HikariPool-1 - Start completed.
2025-07-26T21:04:20.793+07:00  WARN 39163 --- [todolist] [           main] org.hibernate.orm.deprecation            : HHH90000025: PostgreSQLDialect does not need to be specified explicitly using 'hibernate.dialect' (remove the property setting and it will be selected by default)
2025-07-26T21:04:20.864+07:00  INFO 39163 --- [todolist] [           main] org.hibernate.orm.connections.pooling    : HHH10001005: Database info:
	Database JDBC URL [Connecting through datasource 'HikariDataSource (HikariPool-1)']
	Database driver: undefined/unknown
	Database version: 15.13
	Autocommit mode: undefined/unknown
	Isolation level: undefined/unknown
	Minimum pool size: undefined/unknown
	Maximum pool size: undefined/unknown
2025-07-26T21:04:24.465+07:00  INFO 39163 --- [todolist] [           main] o.h.e.t.j.p.i.JtaPlatformInitiator       : HHH000489: No JTA platform available (set 'hibernate.transaction.jta.platform' to enable JTA platform integration)
2025-07-26T21:04:24.927+07:00  INFO 39163 --- [todolist] [           main] j.LocalContainerEntityManagerFactoryBean : Initialized JPA EntityManagerFactory for persistence unit 'default'
2025-07-26T21:04:25.943+07:00  WARN 39163 --- [todolist] [           main] JpaBaseConfiguration$JpaWebConfiguration : spring.jpa.open-in-view is enabled by default. Therefore, database queries may be performed during view rendering. Explicitly configure spring.jpa.open-in-view to disable this warning
2025-07-26T21:04:27.004+07:00  INFO 39163 --- [todolist] [           main] o.s.v.b.OptionalValidatorFactoryBean     : Failed to set up a Bean Validation provider: jakarta.validation.NoProviderFoundException: Unable to create a Configuration, because no Jakarta Bean Validation provider could be found. Add a provider like Hibernate Validator (RI) to your classpath.
2025-07-26T21:04:27.405+07:00  INFO 39163 --- [todolist] [           main] o.s.b.t.m.w.SpringBootMockServletContext : Initializing Spring TestDispatcherServlet ''
2025-07-26T21:04:27.406+07:00  INFO 39163 --- [todolist] [           main] o.s.t.web.servlet.TestDispatcherServlet  : Initializing Servlet ''
2025-07-26T21:04:27.407+07:00  INFO 39163 --- [todolist] [           main] o.s.t.web.servlet.TestDispatcherServlet  : Completed initialization in 1 ms
2025-07-26T21:04:27.442+07:00  INFO 39163 --- [todolist] [           main] c.s.t.integration.service.UserServiceIT  : Started UserServiceIT in 14.429 seconds (process running for 19.768)
2025-07-26T21:04:27.447+07:00  INFO 39163 --- [todolist] [           main] c.s.t.C.ApplicationInitConfig            : Application started
2025-07-26T21:04:27.822+07:00 ERROR 39163 --- [todolist] [           main] c.s.t.C.ApplicationInitConfig            : Role not found
]]></system-out>
    <system-err><![CDATA[Mockito is currently self-attaching to enable the inline-mock-maker. This will no longer work in future releases of the JDK. Please add Mockito as an agent to your build as described in Mockito's documentation: https://javadoc.io/doc/org.mockito/mockito-core/latest/org.mockito/org/mockito/Mockito.html#0.3
WARNING: A Java agent has been loaded dynamically (/home/sontaypham/.m2/repository/net/bytebuddy/byte-buddy-agent/1.17.6/byte-buddy-agent-1.17.6.jar)
WARNING: If a serviceability tool is in use, please run with -XX:+EnableDynamicAgentLoading to hide this warning
WARNING: If a serviceability tool is not in use, please run with -Djdk.instrument.traceUsage for more information
WARNING: Dynamic loading of agents will be disallowed by default in a future release
]]></system-err>
  </testcase>
  <testcase name="assignRoleToUser_userNotFound_throwsException" classname="com.sontaypham.todolist.integration.service.UserServiceIT" time="0.029"/>
  <testcase name="getUserByEmail_success" classname="com.sontaypham.todolist.integration.service.UserServiceIT" time="0.011"/>
  <testcase name="updateUser_success" classname="com.sontaypham.todolist.integration.service.UserServiceIT" time="0.014"/>
  <testcase name="createUser_roleNotFound_throwsException" classname="com.sontaypham.todolist.integration.service.UserServiceIT" time="0.01"/>
  <testcase name="getUserProfile_success" classname="com.sontaypham.todolist.integration.service.UserServiceIT" time="0.215"/>
  <testcase name="createUser_validRequest_success" classname="com.sontaypham.todolist.integration.service.UserServiceIT" time="0.009"/>
  <testcase name="updateUser_taskNotFound_throwsException" classname="com.sontaypham.todolist.integration.service.UserServiceIT" time="0.008"/>
  <testcase name="createUser_usernameExists_throwsException" classname="com.sontaypham.todolist.integration.service.UserServiceIT" time="0.012">
    <system-out><![CDATA[2025-07-26T21:04:28.292+07:00 ERROR 39163 --- [todolist] [           main] c.s.todolist.Service.UserService         : duplicate key
]]></system-out>
  </testcase>
  <testcase name="updateUser_roleNotFound_throwsException" classname="com.sontaypham.todolist.integration.service.UserServiceIT" time="0.008"/>
  <testcase name="assignRoleToUser" classname="com.sontaypham.todolist.integration.service.UserServiceIT" time="0.008"/>
  <testcase name="getUserById_userNotFound_throwsException" classname="com.sontaypham.todolist.integration.service.UserServiceIT" time="0.008"/>
  <testcase name="updateUserPassword_success" classname="com.sontaypham.todolist.integration.service.UserServiceIT" time="0.02">
    <system-out><![CDATA[2025-07-26T21:04:28.332+07:00  WARN 39163 --- [todolist] [           main] c.s.todolist.Service.UserService         : Change password success!
]]></system-out>
  </testcase>
  <testcase name="getAllUsers_success" classname="com.sontaypham.todolist.integration.service.UserServiceIT" time="0.008"/>
  <testcase name="deleteUser_userNotFound_throwsException" classname="com.sontaypham.todolist.integration.service.UserServiceIT" time="0.013"/>
  <testcase name="assignRoleToUser_roleNotFound_throwsException" classname="com.sontaypham.todolist.integration.service.UserServiceIT" time="0.018"/>
  <testcase name="updateUserPassword_userNotFound_throwsException" classname="com.sontaypham.todolist.integration.service.UserServiceIT" time="0.008"/>
  <testcase name="getUserByEmail_userNotFound_throwsException" classname="com.sontaypham.todolist.integration.service.UserServiceIT" time="0.007"/>
  <testcase name="searchUsers_success" classname="com.sontaypham.todolist.integration.service.UserServiceIT" time="0.008"/>
  <testcase name="updateUser_userNotFound_throwsException" classname="com.sontaypham.todolist.integration.service.UserServiceIT" time="0.008"/>
  <testcase name="updateUserPassword_oldPasswordWrong_throwsException" classname="com.sontaypham.todolist.integration.service.UserServiceIT" time="0.008"/>
  <testcase name="getUserById_success" classname="com.sontaypham.todolist.integration.service.UserServiceIT" time="0.007"/>
</testsuite>